# JRE version: OpenJDK Runtime Environment (11.0.12+7) (build 11.0.12+7-post-Debian-2deb10u1)
# Java VM: OpenJDK 64-Bit Server VM (11.0.12+7-post-Debian-2deb10u1, mixed mode, sharing, tiered, compressed oops, g1 gc, linux-amd64)
Heap:
 garbage-first heap   total 51200K, used 28810K [0x0000000098800000, 0x0000000100000000)
  region size 1024K, 13 young (13312K), 1 survivors (1024K)
 Metaspace       used 38972K, capacity 40808K, committed 41136K, reserved 1085440K
  class space    used 4457K, capacity 5256K, committed 5376K, reserved 1048576K
GC Heap History (20 events):
Event: 392.149 GC heap before
{Heap before GC invocations=18 (full 3):
 garbage-first heap   total 51200K, used 26469K [0x0000000098800000, 0x0000000100000000)
  region size 1024K, 11 young (11264K), 1 survivors (1024K)
 Metaspace       used 37817K, capacity 39359K, committed 39600K, reserved 1083392K
  class space    used 4387K, capacity 5043K, committed 5120K, reserved 1048576K
}
Event: 392.325 GC heap after
{Heap after GC invocations=19 (full 4):
 garbage-first heap   total 51200K, used 14763K [0x0000000098800000, 0x0000000100000000)
  region size 1024K, 0 young (0K), 0 survivors (0K)
 Metaspace       used 37814K, capacity 39353K, committed 39600K, reserved 1083392K
  class space    used 4387K, capacity 5041K, committed 5120K, reserved 1048576K
}
Event: 393.617 GC heap before
{Heap before GC invocations=19 (full 4):
 garbage-first heap   total 51200K, used 37291K [0x0000000098800000, 0x0000000100000000)
  region size 1024K, 23 young (23552K), 0 survivors (0K)
 Metaspace       used 37934K, capacity 39515K, committed 39856K, reserved 1083392K
  class space    used 4390K, capacity 5045K, committed 5120K, reserved 1048576K
}
Event: 393.624 GC heap after
{Heap after GC invocations=20 (full 4):
 garbage-first heap   total 51200K, used 16639K [0x0000000098800000, 0x0000000100000000)
  region size 1024K, 2 young (2048K), 2 survivors (2048K)
 Metaspace       used 37934K, capacity 39515K, committed 39856K, reserved 1083392K
  class space    used 4390K, capacity 5045K, committed 5120K, reserved 1048576K
}
Event: 395.515 GC heap before
{Heap before GC invocations=20 (full 4):
 garbage-first heap   total 51200K, used 25855K [0x0000000098800000, 0x0000000100000000)
  region size 1024K, 12 young (12288K), 2 survivors (2048K)
 Metaspace       used 38018K, capacity 39560K, committed 39856K, reserved 1083392K
  class space    used 4397K, capacity 5083K, committed 5120K, reserved 1048576K
}
Event: 395.625 GC heap after
{Heap after GC invocations=21 (full 5):
 garbage-first heap   total 51200K, used 13542K [0x0000000098800000, 0x0000000100000000)
  region size 1024K, 0 young (0K), 0 survivors (0K)
 Metaspace       used 38015K, capacity 39554K, committed 39856K, reserved 1083392K
  class space    used 4396K, capacity 5081K, committed 5120K, reserved 1048576K
}
Event: 396.775 GC heap before
{Heap before GC invocations=21 (full 5):
 garbage-first heap   total 51200K, used 36070K [0x0000000098800000, 0x0000000100000000)
  region size 1024K, 23 young (23552K), 0 survivors (0K)
 Metaspace       used 38151K, capacity 39831K, committed 40112K, reserved 1085440K
  class space    used 4407K, capacity 5098K, committed 5120K, reserved 1048576K
}
Event: 396.780 GC heap after
{Heap after GC invocations=22 (full 5):
 garbage-first heap   total 51200K, used 15561K [0x0000000098800000, 0x0000000100000000)
  region size 1024K, 2 young (2048K), 2 survivors (2048K)
 Metaspace       used 38151K, capacity 39831K, committed 40112K, reserved 1085440K
  class space    used 4407K, capacity 5098K, committed 5120K, reserved 1048576K
}
Event: 408.804 GC heap before
{Heap before GC invocations=22 (full 5):
 garbage-first heap   total 51200K, used 26825K [0x0000000098800000, 0x0000000100000000)
  region size 1024K, 14 young (14336K), 2 survivors (2048K)
 Metaspace       used 38267K, capacity 39897K, committed 40240K, reserved 1085440K
  class space    used 4417K, capacity 5142K, committed 5248K, reserved 1048576K
}
Event: 408.989 GC heap after
{Heap after GC invocations=23 (full 6):
 garbage-first heap   total 51200K, used 14889K [0x0000000098800000, 0x0000000100000000)
  region size 1024K, 0 young (0K), 0 survivors (0K)
 Metaspace       used 38265K, capacity 39891K, committed 40240K, reserved 1085440K
  class space    used 4417K, capacity 5140K, committed 5248K, reserved 1048576K
}
Event: 410.336 GC heap before
{Heap before GC invocations=23 (full 6):
 garbage-first heap   total 51200K, used 36393K [0x0000000098800000, 0x0000000100000000)
  region size 1024K, 22 young (22528K), 0 survivors (0K)
 Metaspace       used 38332K, capacity 40045K, committed 40240K, reserved 1085440K
  class space    used 4420K, capacity 5144K, committed 5248K, reserved 1048576K
}
Event: 410.359 GC heap after
{Heap after GC invocations=24 (full 6):
 garbage-first heap   total 51200K, used 16875K [0x0000000098800000, 0x0000000100000000)
  region size 1024K, 2 young (2048K), 2 survivors (2048K)
 Metaspace       used 38332K, capacity 40045K, committed 40240K, reserved 1085440K
  class space    used 4420K, capacity 5144K, committed 5248K, reserved 1048576K
}
Event: 412.380 GC heap before
{Heap before GC invocations=24 (full 6):
 garbage-first heap   total 51200K, used 27115K [0x0000000098800000, 0x0000000100000000)
  region size 1024K, 13 young (13312K), 2 survivors (2048K)
 Metaspace       used 38387K, capacity 40087K, committed 40240K, reserved 1085440K
  class space    used 4427K, capacity 5182K, committed 5248K, reserved 1048576K
}
Event: 412.486 GC heap after
{Heap after GC invocations=25 (full 7):
 garbage-first heap   total 51200K, used 13696K [0x0000000098800000, 0x0000000100000000)
  region size 1024K, 0 young (0K), 0 survivors (0K)
 Metaspace       used 38384K, capacity 40081K, committed 40240K, reserved 1085440K
  class space    used 4426K, capacity 5180K, committed 5248K, reserved 1048576K
}
Event: 413.416 GC heap before
{Heap before GC invocations=25 (full 7):
 garbage-first heap   total 51200K, used 36224K [0x0000000098800000, 0x0000000100000000)
  region size 1024K, 23 young (23552K), 0 survivors (0K)
 Metaspace       used 38515K, capacity 40385K, committed 40496K, reserved 1085440K
  class space    used 4440K, capacity 5204K, committed 5248K, reserved 1048576K
}
Event: 413.421 GC heap after
{Heap after GC invocations=26 (full 7):
 garbage-first heap   total 51200K, used 15744K [0x0000000098800000, 0x0000000100000000)
  region size 1024K, 2 young (2048K), 2 survivors (2048K)
 Metaspace       used 38515K, capacity 40385K, committed 40496K, reserved 1085440K
  class space    used 4440K, capacity 5204K, committed 5248K, reserved 1048576K
}
Event: 477.782 GC heap before
{Heap before GC invocations=26 (full 7):
 garbage-first heap   total 51200K, used 38272K [0x0000000098800000, 0x0000000100000000)
  region size 1024K, 24 young (24576K), 2 survivors (2048K)
 Metaspace       used 38728K, capacity 40534K, committed 40880K, reserved 1085440K
  class space    used 4454K, capacity 5252K, committed 5376K, reserved 1048576K
}
Event: 477.799 GC heap after
{Heap after GC invocations=27 (full 7):
 garbage-first heap   total 51200K, used 17303K [0x0000000098800000, 0x0000000100000000)
  region size 1024K, 3 young (3072K), 3 survivors (3072K)
 Metaspace       used 38728K, capacity 40534K, committed 40880K, reserved 1085440K
  class space    used 4454K, capacity 5252K, committed 5376K, reserved 1048576K
}
Event: 590.501 GC heap before
{Heap before GC invocations=27 (full 7):
 garbage-first heap   total 51200K, used 36759K [0x0000000098800000, 0x0000000100000000)
  region size 1024K, 22 young (22528K), 3 survivors (3072K)
 Metaspace       used 38926K, capacity 40743K, committed 41136K, reserved 1085440K
  class space    used 4457K, capacity 5256K, committed 5376K, reserved 1048576K
}
Event: 590.515 GC heap after
{Heap after GC invocations=28 (full 7):
 garbage-first heap   total 51200K, used 17546K [0x0000000098800000, 0x0000000100000000)
  region size 1024K, 1 young (1024K), 1 survivors (1024K)
 Metaspace       used 38926K, capacity 40743K, committed 41136K, reserved 1085440K
  class space    used 4457K, capacity 5256K, committed 5376K, reserved 1048576K
}

