# JRE version: OpenJDK Runtime Environment (11.0.12+7) (build 11.0.12+7-post-Debian-2deb10u1)
# Java VM: OpenJDK 64-Bit Server VM (11.0.12+7-post-Debian-2deb10u1, mixed mode, sharing, tiered, compressed oops, g1 gc, linux-amd64)
Heap:
 garbage-first heap   total 61440K, used 35310K [0x0000000098800000, 0x0000000100000000)
  region size 1024K, 17 young (17408K), 2 survivors (2048K)
 Metaspace       used 45380K, capacity 48316K, committed 48512K, reserved 1091584K
  class space    used 5145K, capacity 6413K, committed 6528K, reserved 1048576K
GC Heap History (20 events):
Event: 559.281 GC heap before
{Heap before GC invocations=38 (full 13):
 garbage-first heap   total 61440K, used 32639K [0x0000000098800000, 0x0000000100000000)
  region size 1024K, 17 young (17408K), 3 survivors (3072K)
 Metaspace       used 43988K, capacity 46316K, committed 46592K, reserved 1089536K
  class space    used 4971K, capacity 6029K, committed 6144K, reserved 1048576K
}
Event: 559.732 GC heap after
{Heap after GC invocations=39 (full 14):
 garbage-first heap   total 61440K, used 17954K [0x0000000098800000, 0x0000000100000000)
  region size 1024K, 0 young (0K), 0 survivors (0K)
 Metaspace       used 43985K, capacity 46310K, committed 46592K, reserved 1089536K
  class space    used 4971K, capacity 6027K, committed 6144K, reserved 1048576K
}
Event: 561.480 GC heap before
{Heap before GC invocations=39 (full 14):
 garbage-first heap   total 61440K, used 46626K [0x0000000098800000, 0x0000000100000000)
  region size 1024K, 28 young (28672K), 0 survivors (0K)
 Metaspace       used 44165K, capacity 46623K, committed 46848K, reserved 1089536K
  class space    used 4992K, capacity 6088K, committed 6144K, reserved 1048576K
}
Event: 561.506 GC heap after
{Heap after GC invocations=40 (full 14):
 garbage-first heap   total 61440K, used 20442K [0x0000000098800000, 0x0000000100000000)
  region size 1024K, 3 young (3072K), 3 survivors (3072K)
 Metaspace       used 44165K, capacity 46623K, committed 46848K, reserved 1089536K
  class space    used 4992K, capacity 6088K, committed 6144K, reserved 1048576K
}
Event: 563.158 GC heap before
{Heap before GC invocations=40 (full 14):
 garbage-first heap   total 61440K, used 23514K [0x0000000098800000, 0x0000000100000000)
  region size 1024K, 7 young (7168K), 3 survivors (3072K)
 Metaspace       used 44170K, capacity 46629K, committed 46848K, reserved 1089536K
  class space    used 4993K, capacity 6090K, committed 6144K, reserved 1048576K
}
Event: 563.308 GC heap after
{Heap after GC invocations=41 (full 15):
 garbage-first heap   total 61440K, used 16779K [0x0000000098800000, 0x0000000100000000)
  region size 1024K, 0 young (0K), 0 survivors (0K)
 Metaspace       used 44167K, capacity 46623K, committed 46848K, reserved 1089536K
  class space    used 4992K, capacity 6088K, committed 6144K, reserved 1048576K
}
Event: 564.732 GC heap before
{Heap before GC invocations=41 (full 15):
 garbage-first heap   total 61440K, used 44427K [0x0000000098800000, 0x0000000100000000)
  region size 1024K, 28 young (28672K), 0 survivors (0K)
 Metaspace       used 44783K, capacity 47593K, committed 47872K, reserved 1091584K
  class space    used 5082K, capacity 6278K, committed 6400K, reserved 1048576K
}
Event: 564.755 GC heap after
{Heap after GC invocations=42 (full 15):
 garbage-first heap   total 61440K, used 19284K [0x0000000098800000, 0x0000000100000000)
  region size 1024K, 3 young (3072K), 3 survivors (3072K)
 Metaspace       used 44783K, capacity 47593K, committed 47872K, reserved 1091584K
  class space    used 5082K, capacity 6278K, committed 6400K, reserved 1048576K
}
Event: 655.326 GC heap before
{Heap before GC invocations=42 (full 15):
 garbage-first heap   total 61440K, used 44884K [0x0000000098800000, 0x0000000100000000)
  region size 1024K, 29 young (29696K), 3 survivors (3072K)
 Metaspace       used 45092K, capacity 48029K, committed 48128K, reserved 1091584K
  class space    used 5130K, capacity 6366K, committed 6400K, reserved 1048576K
}
Event: 655.342 GC heap after
{Heap after GC invocations=43 (full 15):
 garbage-first heap   total 61440K, used 20550K [0x0000000098800000, 0x0000000100000000)
  region size 1024K, 2 young (2048K), 2 survivors (2048K)
 Metaspace       used 45092K, capacity 48029K, committed 48128K, reserved 1091584K
  class space    used 5130K, capacity 6366K, committed 6400K, reserved 1048576K
}
Event: 734.948 GC heap before
{Heap before GC invocations=43 (full 15):
 garbage-first heap   total 61440K, used 33862K [0x0000000098800000, 0x0000000100000000)
  region size 1024K, 17 young (17408K), 2 survivors (2048K)
 Metaspace       used 45118K, capacity 48038K, committed 48128K, reserved 1091584K
  class space    used 5131K, capacity 6368K, committed 6400K, reserved 1048576K
}
Event: 735.114 GC heap after
{Heap after GC invocations=44 (full 16):
 garbage-first heap   total 61440K, used 18419K [0x0000000098800000, 0x0000000100000000)
  region size 1024K, 0 young (0K), 0 survivors (0K)
 Metaspace       used 45115K, capacity 48032K, committed 48128K, reserved 1091584K
  class space    used 5130K, capacity 6366K, committed 6400K, reserved 1048576K
}
Event: 736.068 GC heap before
{Heap before GC invocations=44 (full 16):
 garbage-first heap   total 61440K, used 44019K [0x0000000098800000, 0x0000000100000000)
  region size 1024K, 26 young (26624K), 0 survivors (0K)
 Metaspace       used 45221K, capacity 48154K, committed 48512K, reserved 1091584K
  class space    used 5140K, capacity 6406K, committed 6528K, reserved 1048576K
}
Event: 736.076 GC heap after
{Heap after GC invocations=45 (full 16):
 garbage-first heap   total 61440K, used 20669K [0x0000000098800000, 0x0000000100000000)
  region size 1024K, 3 young (3072K), 3 survivors (3072K)
 Metaspace       used 45221K, capacity 48154K, committed 48512K, reserved 1091584K
  class space    used 5140K, capacity 6406K, committed 6528K, reserved 1048576K
}
Event: 828.725 GC heap before
{Heap before GC invocations=45 (full 16):
 garbage-first heap   total 61440K, used 44221K [0x0000000098800000, 0x0000000100000000)
  region size 1024K, 27 young (27648K), 3 survivors (3072K)
 Metaspace       used 45319K, capacity 48247K, committed 48512K, reserved 1091584K
  class space    used 5144K, capacity 6413K, committed 6528K, reserved 1048576K
}
Event: 828.730 GC heap after
{Heap after GC invocations=46 (full 16):
 garbage-first heap   total 61440K, used 22102K [0x0000000098800000, 0x0000000100000000)
  region size 1024K, 3 young (3072K), 3 survivors (3072K)
 Metaspace       used 45319K, capacity 48247K, committed 48512K, reserved 1091584K
  class space    used 5144K, capacity 6413K, committed 6528K, reserved 1048576K
}
Event: 950.311 GC heap before
{Heap before GC invocations=46 (full 16):
 garbage-first heap   total 61440K, used 43606K [0x0000000098800000, 0x0000000100000000)
  region size 1024K, 25 young (25600K), 3 survivors (3072K)
 Metaspace       used 45354K, capacity 48314K, committed 48512K, reserved 1091584K
  class space    used 5145K, capacity 6413K, committed 6528K, reserved 1048576K
}
Event: 950.326 GC heap after
{Heap after GC invocations=47 (full 16):
 garbage-first heap   total 61440K, used 21998K [0x0000000098800000, 0x0000000100000000)
  region size 1024K, 2 young (2048K), 2 survivors (2048K)
 Metaspace       used 45354K, capacity 48314K, committed 48512K, reserved 1091584K
  class space    used 5145K, capacity 6413K, committed 6528K, reserved 1048576K
}
Event: 1085.302 GC heap before
{Heap before GC invocations=47 (full 16):
 garbage-first heap   total 61440K, used 45550K [0x0000000098800000, 0x0000000100000000)
  region size 1024K, 26 young (26624K), 2 survivors (2048K)
 Metaspace       used 45376K, capacity 48316K, committed 48512K, reserved 1091584K
  class space    used 5145K, capacity 6413K, committed 6528K, reserved 1048576K
}
Event: 1085.314 GC heap after
{Heap after GC invocations=48 (full 16):
 garbage-first heap   total 61440K, used 21998K [0x0000000098800000, 0x0000000100000000)
  region size 1024K, 2 young (2048K), 2 survivors (2048K)
 Metaspace       used 45376K, capacity 48316K, committed 48512K, reserved 1091584K
  class space    used 5145K, capacity 6413K, committed 6528K, reserved 1048576K
}

