# JRE version: OpenJDK Runtime Environment (11.0.12+7) (build 11.0.12+7-post-Debian-2deb10u1)
# Java VM: OpenJDK 64-Bit Server VM (11.0.12+7-post-Debian-2deb10u1, mixed mode, sharing, tiered, compressed oops, g1 gc, linux-amd64)
Heap:
 garbage-first heap   total 45056K, used 22361K [0x0000000098800000, 0x0000000100000000)
  region size 1024K, 4 young (4096K), 1 survivors (1024K)
 Metaspace       used 44229K, capacity 48405K, committed 49072K, reserved 1091584K
  class space    used 4923K, capacity 6851K, committed 7168K, reserved 1048576K
GC Heap History (20 events):
Event: 5905.465 GC heap before
{Heap before GC invocations=197 (full 58):
 garbage-first heap   total 45056K, used 29220K [0x0000000098800000, 0x0000000100000000)
  region size 1024K, 12 young (12288K), 1 survivors (1024K)
 Metaspace       used 44192K, capacity 48478K, committed 49072K, reserved 1091584K
  class space    used 4922K, capacity 6880K, committed 7168K, reserved 1048576K
}
Event: 5905.636 GC heap after
{Heap after GC invocations=198 (full 59):
 garbage-first heap   total 45056K, used 16953K [0x0000000098800000, 0x0000000100000000)
  region size 1024K, 0 young (0K), 0 survivors (0K)
 Metaspace       used 44189K, capacity 48472K, committed 49072K, reserved 1091584K
  class space    used 4921K, capacity 6878K, committed 7168K, reserved 1048576K
}
Event: 5905.939 GC heap before
{Heap before GC invocations=198 (full 59):
 garbage-first heap   total 45056K, used 30265K [0x0000000098800000, 0x0000000100000000)
  region size 1024K, 13 young (13312K), 0 survivors (0K)
 Metaspace       used 44207K, capacity 48492K, committed 49072K, reserved 1091584K
  class space    used 4924K, capacity 6882K, committed 7168K, reserved 1048576K
}
Event: 5905.946 GC heap after
{Heap after GC invocations=199 (full 59):
 garbage-first heap   total 45056K, used 18495K [0x0000000098800000, 0x0000000100000000)
  region size 1024K, 2 young (2048K), 2 survivors (2048K)
 Metaspace       used 44207K, capacity 48492K, committed 49072K, reserved 1091584K
  class space    used 4924K, capacity 6882K, committed 7168K, reserved 1048576K
}
Event: 5906.217 GC heap before
{Heap before GC invocations=199 (full 59):
 garbage-first heap   total 45056K, used 30783K [0x0000000098800000, 0x0000000100000000)
  region size 1024K, 14 young (14336K), 2 survivors (2048K)
 Metaspace       used 44248K, capacity 48592K, committed 49072K, reserved 1091584K
  class space    used 4931K, capacity 6918K, committed 7168K, reserved 1048576K
}
Event: 5906.223 GC heap after
{Heap after GC invocations=200 (full 59):
 garbage-first heap   total 45056K, used 18942K [0x0000000098800000, 0x0000000100000000)
  region size 1024K, 1 young (1024K), 1 survivors (1024K)
 Metaspace       used 44248K, capacity 48592K, committed 49072K, reserved 1091584K
  class space    used 4931K, capacity 6918K, committed 7168K, reserved 1048576K
}
Event: 5931.641 GC heap before
{Heap before GC invocations=200 (full 59):
 garbage-first heap   total 45056K, used 31230K [0x0000000098800000, 0x0000000100000000)
  region size 1024K, 13 young (13312K), 1 survivors (1024K)
 Metaspace       used 44284K, capacity 48625K, committed 49072K, reserved 1091584K
  class space    used 4936K, capacity 6926K, committed 7168K, reserved 1048576K
}
Event: 5931.662 GC heap after
{Heap after GC invocations=201 (full 59):
 garbage-first heap   total 45056K, used 20788K [0x0000000098800000, 0x0000000100000000)
  region size 1024K, 2 young (2048K), 2 survivors (2048K)
 Metaspace       used 44284K, capacity 48625K, committed 49072K, reserved 1091584K
  class space    used 4936K, capacity 6926K, committed 7168K, reserved 1048576K
}
Event: 5940.116 GC heap before
{Heap before GC invocations=202 (full 59):
 garbage-first heap   total 45056K, used 22836K [0x0000000098800000, 0x0000000100000000)
  region size 1024K, 5 young (5120K), 2 survivors (2048K)
 Metaspace       used 44099K, capacity 48259K, committed 49072K, reserved 1091584K
  class space    used 4907K, capacity 6805K, committed 7168K, reserved 1048576K
}
Event: 5940.255 GC heap after
{Heap after GC invocations=203 (full 60):
 garbage-first heap   total 45056K, used 16912K [0x0000000098800000, 0x0000000100000000)
  region size 1024K, 0 young (0K), 0 survivors (0K)
 Metaspace       used 44099K, capacity 48259K, committed 49072K, reserved 1091584K
  class space    used 4907K, capacity 6805K, committed 7168K, reserved 1048576K
}
Event: 5940.530 GC heap before
{Heap before GC invocations=203 (full 60):
 garbage-first heap   total 45056K, used 29200K [0x0000000098800000, 0x0000000100000000)
  region size 1024K, 12 young (12288K), 0 survivors (0K)
 Metaspace       used 44117K, capacity 48279K, committed 49072K, reserved 1091584K
  class space    used 4910K, capacity 6809K, committed 7168K, reserved 1048576K
}
Event: 5940.555 GC heap after
{Heap after GC invocations=204 (full 60):
 garbage-first heap   total 45056K, used 18530K [0x0000000098800000, 0x0000000100000000)
  region size 1024K, 2 young (2048K), 2 survivors (2048K)
 Metaspace       used 44117K, capacity 48279K, committed 49072K, reserved 1091584K
  class space    used 4910K, capacity 6809K, committed 7168K, reserved 1048576K
}
Event: 5940.829 GC heap before
{Heap before GC invocations=205 (full 60):
 garbage-first heap   total 45056K, used 28770K [0x0000000098800000, 0x0000000100000000)
  region size 1024K, 13 young (13312K), 2 survivors (2048K)
 Metaspace       used 44123K, capacity 48343K, committed 49072K, reserved 1091584K
  class space    used 4910K, capacity 6809K, committed 7168K, reserved 1048576K
}
Event: 5940.839 GC heap after
{Heap after GC invocations=206 (full 60):
 garbage-first heap   total 45056K, used 18847K [0x0000000098800000, 0x0000000100000000)
  region size 1024K, 1 young (1024K), 1 survivors (1024K)
 Metaspace       used 44123K, capacity 48343K, committed 49072K, reserved 1091584K
  class space    used 4910K, capacity 6809K, committed 7168K, reserved 1048576K
}
Event: 5953.521 GC heap before
{Heap before GC invocations=206 (full 60):
 garbage-first heap   total 45056K, used 30111K [0x0000000098800000, 0x0000000100000000)
  region size 1024K, 13 young (13312K), 1 survivors (1024K)
 Metaspace       used 44177K, capacity 48394K, committed 49072K, reserved 1091584K
  class space    used 4918K, capacity 6848K, committed 7168K, reserved 1048576K
}
Event: 5953.537 GC heap after
{Heap after GC invocations=207 (full 60):
 garbage-first heap   total 45056K, used 20853K [0x0000000098800000, 0x0000000100000000)
  region size 1024K, 2 young (2048K), 2 survivors (2048K)
 Metaspace       used 44177K, capacity 48394K, committed 49072K, reserved 1091584K
  class space    used 4918K, capacity 6848K, committed 7168K, reserved 1048576K
}
Event: 5988.651 GC heap before
{Heap before GC invocations=208 (full 60):
 garbage-first heap   total 45056K, used 31020K [0x0000000098800000, 0x0000000100000000)
  region size 1024K, 12 young (12288K), 2 survivors (2048K)
 Metaspace       used 44221K, capacity 48404K, committed 49072K, reserved 1091584K
  class space    used 4922K, capacity 6851K, committed 7168K, reserved 1048576K
}
Event: 5988.659 GC heap after
{Heap after GC invocations=209 (full 60):
 garbage-first heap   total 45056K, used 20897K [0x0000000098800000, 0x0000000100000000)
  region size 1024K, 1 young (1024K), 1 survivors (1024K)
 Metaspace       used 44221K, capacity 48404K, committed 49072K, reserved 1091584K
  class space    used 4922K, capacity 6851K, committed 7168K, reserved 1048576K
}
Event: 5991.666 GC heap before
{Heap before GC invocations=209 (full 60):
 garbage-first heap   total 45056K, used 21921K [0x0000000098800000, 0x0000000100000000)
  region size 1024K, 2 young (2048K), 1 survivors (1024K)
 Metaspace       used 44221K, capacity 48404K, committed 49072K, reserved 1091584K
  class space    used 4922K, capacity 6851K, committed 7168K, reserved 1048576K
}
Event: 5991.671 GC heap after
{Heap after GC invocations=210 (full 60):
 garbage-first heap   total 45056K, used 20313K [0x0000000098800000, 0x0000000100000000)
  region size 1024K, 1 young (1024K), 1 survivors (1024K)
 Metaspace       used 44221K, capacity 48404K, committed 49072K, reserved 1091584K
  class space    used 4922K, capacity 6851K, committed 7168K, reserved 1048576K
}

