# JRE version: OpenJDK Runtime Environment (11.0.12+7) (build 11.0.12+7-post-Debian-2deb10u1)
# Java VM: OpenJDK 64-Bit Server VM (11.0.12+7-post-Debian-2deb10u1, mixed mode, sharing, tiered, compressed oops, g1 gc, linux-amd64)
Heap:
 garbage-first heap   total 55296K, used 35909K [0x0000000098800000, 0x0000000100000000)
  region size 1024K, 21 young (21504K), 4 survivors (4096K)
 Metaspace       used 40575K, capacity 42907K, committed 43180K, reserved 1087488K
  class space    used 4571K, capacity 5631K, committed 5632K, reserved 1048576K
GC Heap History (20 events):
Event: 675.647 GC heap before
{Heap before GC invocations=32 (full 10):
 garbage-first heap   total 55296K, used 32490K [0x0000000098800000, 0x0000000100000000)
  region size 1024K, 21 young (21504K), 3 survivors (3072K)
 Metaspace       used 39064K, capacity 41101K, committed 41132K, reserved 1085440K
  class space    used 4423K, capacity 5349K, committed 5376K, reserved 1048576K
}
Event: 675.809 GC heap after
{Heap after GC invocations=33 (full 11):
 garbage-first heap   total 55296K, used 15241K [0x0000000098800000, 0x0000000100000000)
  region size 1024K, 0 young (0K), 0 survivors (0K)
 Metaspace       used 39061K, capacity 41095K, committed 41132K, reserved 1085440K
  class space    used 4423K, capacity 5347K, committed 5376K, reserved 1048576K
}
Event: 676.572 GC heap before
{Heap before GC invocations=33 (full 11):
 garbage-first heap   total 55296K, used 38793K [0x0000000098800000, 0x0000000100000000)
  region size 1024K, 24 young (24576K), 0 survivors (0K)
 Metaspace       used 39138K, capacity 41246K, committed 41388K, reserved 1085440K
  class space    used 4426K, capacity 5351K, committed 5376K, reserved 1048576K
}
Event: 676.581 GC heap after
{Heap after GC invocations=34 (full 11):
 garbage-first heap   total 55296K, used 17289K [0x0000000098800000, 0x0000000100000000)
  region size 1024K, 2 young (2048K), 2 survivors (2048K)
 Metaspace       used 39138K, capacity 41246K, committed 41388K, reserved 1085440K
  class space    used 4426K, capacity 5351K, committed 5376K, reserved 1048576K
}
Event: 694.445 GC heap before
{Heap before GC invocations=34 (full 11):
 garbage-first heap   total 55296K, used 32649K [0x0000000098800000, 0x0000000100000000)
  region size 1024K, 18 young (18432K), 2 survivors (2048K)
 Metaspace       used 39256K, capacity 41392K, committed 41516K, reserved 1085440K
  class space    used 4438K, capacity 5398K, committed 5504K, reserved 1048576K
}
Event: 694.608 GC heap after
{Heap after GC invocations=35 (full 12):
 garbage-first heap   total 55296K, used 15335K [0x0000000098800000, 0x0000000100000000)
  region size 1024K, 0 young (0K), 0 survivors (0K)
 Metaspace       used 39253K, capacity 41386K, committed 41516K, reserved 1085440K
  class space    used 4437K, capacity 5396K, committed 5504K, reserved 1048576K
}
Event: 695.358 GC heap before
{Heap before GC invocations=35 (full 12):
 garbage-first heap   total 55296K, used 38887K [0x0000000098800000, 0x0000000100000000)
  region size 1024K, 24 young (24576K), 0 survivors (0K)
 Metaspace       used 39311K, capacity 41472K, committed 41772K, reserved 1085440K
  class space    used 4440K, capacity 5400K, committed 5504K, reserved 1048576K
}
Event: 695.363 GC heap after
{Heap after GC invocations=36 (full 12):
 garbage-first heap   total 55296K, used 17383K [0x0000000098800000, 0x0000000100000000)
  region size 1024K, 2 young (2048K), 2 survivors (2048K)
 Metaspace       used 39311K, capacity 41472K, committed 41772K, reserved 1085440K
  class space    used 4440K, capacity 5400K, committed 5504K, reserved 1048576K
}
Event: 699.183 GC heap before
{Heap before GC invocations=36 (full 12):
 garbage-first heap   total 55296K, used 25575K [0x0000000098800000, 0x0000000100000000)
  region size 1024K, 11 young (11264K), 2 survivors (2048K)
 Metaspace       used 39369K, capacity 41515K, committed 41772K, reserved 1085440K
  class space    used 4447K, capacity 5438K, committed 5504K, reserved 1048576K
}
Event: 699.338 GC heap after
{Heap after GC invocations=37 (full 13):
 garbage-first heap   total 55296K, used 14130K [0x0000000098800000, 0x0000000100000000)
  region size 1024K, 0 young (0K), 0 survivors (0K)
 Metaspace       used 39366K, capacity 41509K, committed 41772K, reserved 1085440K
  class space    used 4447K, capacity 5436K, committed 5504K, reserved 1048576K
}
Event: 700.167 GC heap before
{Heap before GC invocations=37 (full 13):
 garbage-first heap   total 55296K, used 39730K [0x0000000098800000, 0x0000000100000000)
  region size 1024K, 25 young (25600K), 0 survivors (0K)
 Metaspace       used 39456K, capacity 41607K, committed 41772K, reserved 1085440K
  class space    used 4455K, capacity 5446K, committed 5504K, reserved 1048576K
}
Event: 700.175 GC heap after
{Heap after GC invocations=38 (full 13):
 garbage-first heap   total 55296K, used 16270K [0x0000000098800000, 0x0000000100000000)
  region size 1024K, 3 young (3072K), 3 survivors (3072K)
 Metaspace       used 39456K, capacity 41607K, committed 41772K, reserved 1085440K
  class space    used 4455K, capacity 5446K, committed 5504K, reserved 1048576K
}
Event: 738.494 GC heap before
{Heap before GC invocations=38 (full 13):
 garbage-first heap   total 55296K, used 38798K [0x0000000098800000, 0x0000000100000000)
  region size 1024K, 26 young (26624K), 3 survivors (3072K)
 Metaspace       used 40172K, capacity 42348K, committed 42668K, reserved 1087488K
  class space    used 4536K, capacity 5558K, committed 5632K, reserved 1048576K
}
Event: 738.511 GC heap after
{Heap after GC invocations=39 (full 13):
 garbage-first heap   total 55296K, used 18226K [0x0000000098800000, 0x0000000100000000)
  region size 1024K, 4 young (4096K), 4 survivors (4096K)
 Metaspace       used 40172K, capacity 42348K, committed 42668K, reserved 1087488K
  class space    used 4536K, capacity 5558K, committed 5632K, reserved 1048576K
}
Event: 745.259 GC heap before
{Heap before GC invocations=39 (full 13):
 garbage-first heap   total 55296K, used 21298K [0x0000000098800000, 0x0000000100000000)
  region size 1024K, 8 young (8192K), 4 survivors (4096K)
 Metaspace       used 40181K, capacity 42419K, committed 42668K, reserved 1087488K
  class space    used 4536K, capacity 5560K, committed 5632K, reserved 1048576K
}
Event: 745.391 GC heap after
{Heap after GC invocations=40 (full 14):
 garbage-first heap   total 55296K, used 15880K [0x0000000098800000, 0x0000000100000000)
  region size 1024K, 0 young (0K), 0 survivors (0K)
 Metaspace       used 40173K, capacity 42404K, committed 42668K, reserved 1087488K
  class space    used 4535K, capacity 5556K, committed 5632K, reserved 1048576K
}
Event: 746.183 GC heap before
{Heap before GC invocations=40 (full 14):
 garbage-first heap   total 55296K, used 40456K [0x0000000098800000, 0x0000000100000000)
  region size 1024K, 25 young (25600K), 0 survivors (0K)
 Metaspace       used 40365K, capacity 42709K, committed 42924K, reserved 1087488K
  class space    used 4555K, capacity 5616K, committed 5632K, reserved 1048576K
}
Event: 746.189 GC heap after
{Heap after GC invocations=41 (full 14):
 garbage-first heap   total 55296K, used 18096K [0x0000000098800000, 0x0000000100000000)
  region size 1024K, 3 young (3072K), 3 survivors (3072K)
 Metaspace       used 40365K, capacity 42709K, committed 42924K, reserved 1087488K
  class space    used 4555K, capacity 5616K, committed 5632K, reserved 1048576K
}
Event: 790.983 GC heap before
{Heap before GC invocations=41 (full 14):
 garbage-first heap   total 55296K, used 39600K [0x0000000098800000, 0x0000000100000000)
  region size 1024K, 25 young (25600K), 3 survivors (3072K)
 Metaspace       used 40491K, capacity 42834K, committed 42924K, reserved 1087488K
  class space    used 4563K, capacity 5629K, committed 5632K, reserved 1048576K
}
Event: 790.991 GC heap after
{Heap after GC invocations=42 (full 14):
 garbage-first heap   total 55296K, used 19525K [0x0000000098800000, 0x0000000100000000)
  region size 1024K, 4 young (4096K), 4 survivors (4096K)
 Metaspace       used 40491K, capacity 42834K, committed 42924K, reserved 1087488K
  class space    used 4563K, capacity 5629K, committed 5632K, reserved 1048576K
}

